<<<<<<< HEAD
Base path: C:/Program Files/Unity/Hub/Editor/2018.2.13f1/Editor/Data
Cmd: initializeCompiler
Cmd: initializeCompiler
Cmd: initializeCompiler
=======
<<<<<<< HEAD
Base path: C:/Program Files/Unity/Editor/Data
=======
Base path: D:/Unity Engine/Editor/Data
>>>>>>> e51cbc5ef2385888ca356e5fba96c665bb429ef9
Cmd: initializeCompiler
Cmd: initializeCompiler
Cmd: initializeCompiler
Cmd: initializeCompiler
Cmd: initializeCompiler
Cmd: initializeCompiler
Cmd: initializeCompiler
Cmd: initializeCompiler
Cmd: initializeCompiler
Cmd: initializeCompiler
